mode: set
github.com/spf13/pflag/int.go:11.45,14.2 2 1
github.com/spf13/pflag/int.go:16.40,20.2 3 1
github.com/spf13/pflag/int.go:22.34,24.2 1 0
github.com/spf13/pflag/int.go:26.36,26.68 1 1
github.com/spf13/pflag/int.go:30.72,32.2 1 0
github.com/spf13/pflag/int.go:35.84,37.2 1 1
github.com/spf13/pflag/int.go:41.59,43.2 1 0
github.com/spf13/pflag/int.go:46.71,48.2 1 0
github.com/spf13/pflag/int.go:52.66,56.2 3 1
github.com/spf13/pflag/int.go:59.78,63.2 3 1
github.com/spf13/pflag/int.go:67.53,69.2 1 1
github.com/spf13/pflag/int.go:72.65,74.2 1 0
github.com/spf13/pflag/int8.go:11.49,14.2 2 1
github.com/spf13/pflag/int8.go:16.41,20.2 3 1
github.com/spf13/pflag/int8.go:22.35,24.2 1 0
github.com/spf13/pflag/int8.go:26.37,26.69 1 1
github.com/spf13/pflag/int8.go:30.75,32.2 1 0
github.com/spf13/pflag/int8.go:35.87,37.2 1 1
github.com/spf13/pflag/int8.go:41.62,43.2 1 0
github.com/spf13/pflag/int8.go:46.74,48.2 1 0
github.com/spf13/pflag/int8.go:52.69,56.2 3 1
github.com/spf13/pflag/int8.go:59.81,63.2 3 0
github.com/spf13/pflag/int8.go:67.56,69.2 1 0
github.com/spf13/pflag/int8.go:72.68,74.2 1 0
github.com/spf13/pflag/uint16.go:11.57,14.2 2 1
github.com/spf13/pflag/uint16.go:15.39,15.71 1 1
github.com/spf13/pflag/uint16.go:16.43,20.2 3 1
github.com/spf13/pflag/uint16.go:22.37,24.2 1 0
github.com/spf13/pflag/uint16.go:28.81,30.2 1 0
github.com/spf13/pflag/uint16.go:33.93,35.2 1 1
github.com/spf13/pflag/uint16.go:39.68,41.2 1 0
github.com/spf13/pflag/uint16.go:44.80,46.2 1 0
github.com/spf13/pflag/uint16.go:50.75,54.2 3 1
github.com/spf13/pflag/uint16.go:57.87,61.2 3 0
github.com/spf13/pflag/uint16.go:65.62,67.2 1 0
github.com/spf13/pflag/uint16.go:70.74,72.2 1 0
github.com/spf13/pflag/bool.go:18.49,21.2 2 1
github.com/spf13/pflag/bool.go:23.41,27.2 3 1
github.com/spf13/pflag/bool.go:29.35,31.2 1 0
github.com/spf13/pflag/bool.go:33.37,33.69 1 1
github.com/spf13/pflag/bool.go:35.39,35.54 1 1
github.com/spf13/pflag/bool.go:39.75,41.2 1 1
github.com/spf13/pflag/bool.go:44.87,46.2 1 1
github.com/spf13/pflag/bool.go:50.62,52.2 1 0
github.com/spf13/pflag/bool.go:55.74,57.2 1 0
github.com/spf13/pflag/bool.go:61.69,65.2 3 1
github.com/spf13/pflag/bool.go:68.81,72.2 3 1
github.com/spf13/pflag/bool.go:76.56,78.2 1 1
github.com/spf13/pflag/bool.go:81.68,83.2 1 0
github.com/spf13/pflag/duration.go:8.75,11.2 2 1
github.com/spf13/pflag/duration.go:13.45,17.2 3 1
github.com/spf13/pflag/duration.go:19.39,21.2 1 0
github.com/spf13/pflag/duration.go:23.41,23.80 1 1
github.com/spf13/pflag/duration.go:27.97,29.2 1 0
github.com/spf13/pflag/duration.go:32.109,34.2 1 1
github.com/spf13/pflag/duration.go:38.84,40.2 1 0
github.com/spf13/pflag/duration.go:43.96,45.2 1 0
github.com/spf13/pflag/duration.go:49.91,53.2 3 1
github.com/spf13/pflag/duration.go:56.103,60.2 3 1
github.com/spf13/pflag/duration.go:64.78,66.2 1 1
github.com/spf13/pflag/duration.go:69.90,71.2 1 0
github.com/spf13/pflag/uint.go:11.49,14.2 2 1
github.com/spf13/pflag/uint.go:16.41,20.2 3 1
github.com/spf13/pflag/uint.go:22.35,24.2 1 0
github.com/spf13/pflag/uint.go:26.37,26.69 1 1
github.com/spf13/pflag/uint.go:30.75,32.2 1 0
github.com/spf13/pflag/uint.go:35.87,37.2 1 1
github.com/spf13/pflag/uint.go:41.62,43.2 1 0
github.com/spf13/pflag/uint.go:46.74,48.2 1 0
github.com/spf13/pflag/uint.go:52.69,56.2 3 1
github.com/spf13/pflag/uint.go:59.81,63.2 3 1
github.com/spf13/pflag/uint.go:67.56,69.2 1 1
github.com/spf13/pflag/uint.go:72.68,74.2 1 0
github.com/spf13/pflag/string.go:8.57,11.2 2 1
github.com/spf13/pflag/string.go:13.45,16.2 2 1
github.com/spf13/pflag/string.go:17.37,19.2 1 0
github.com/spf13/pflag/string.go:21.39,21.71 1 1
github.com/spf13/pflag/string.go:25.81,27.2 1 0
github.com/spf13/pflag/string.go:30.93,32.2 1 1
github.com/spf13/pflag/string.go:36.68,38.2 1 0
github.com/spf13/pflag/string.go:41.80,43.2 1 0
github.com/spf13/pflag/string.go:47.75,51.2 3 1
github.com/spf13/pflag/string.go:54.87,58.2 3 1
github.com/spf13/pflag/string.go:62.62,64.2 1 1
github.com/spf13/pflag/string.go:67.74,69.2 1 1
github.com/spf13/pflag/uint32.go:11.57,14.2 2 1
github.com/spf13/pflag/uint32.go:15.39,15.71 1 1
github.com/spf13/pflag/uint32.go:16.43,20.2 3 1
github.com/spf13/pflag/uint32.go:22.37,24.2 1 0
github.com/spf13/pflag/uint32.go:28.81,30.2 1 0
github.com/spf13/pflag/uint32.go:33.93,35.2 1 1
github.com/spf13/pflag/uint32.go:39.68,41.2 1 0
github.com/spf13/pflag/uint32.go:44.80,46.2 1 0
github.com/spf13/pflag/uint32.go:50.75,54.2 3 1
github.com/spf13/pflag/uint32.go:57.87,61.2 3 0
github.com/spf13/pflag/uint32.go:65.62,67.2 1 0
github.com/spf13/pflag/uint32.go:70.74,72.2 1 0
github.com/spf13/pflag/float32.go:11.61,14.2 2 1
github.com/spf13/pflag/float32.go:16.44,20.2 3 1
github.com/spf13/pflag/float32.go:22.38,24.2 1 0
github.com/spf13/pflag/float32.go:26.40,26.72 1 1
github.com/spf13/pflag/float32.go:30.84,32.2 1 0
github.com/spf13/pflag/float32.go:35.96,37.2 1 1
github.com/spf13/pflag/float32.go:41.71,43.2 1 0
github.com/spf13/pflag/float32.go:46.83,48.2 1 0
github.com/spf13/pflag/float32.go:52.78,56.2 3 1
github.com/spf13/pflag/float32.go:59.90,63.2 3 0
github.com/spf13/pflag/float32.go:67.65,69.2 1 0
github.com/spf13/pflag/float32.go:72.77,74.2 1 0
github.com/spf13/pflag/int64.go:11.53,14.2 2 1
github.com/spf13/pflag/int64.go:16.42,20.2 3 1
github.com/spf13/pflag/int64.go:22.36,24.2 1 0
github.com/spf13/pflag/int64.go:26.38,26.70 1 1
github.com/spf13/pflag/int64.go:30.78,32.2 1 0
github.com/spf13/pflag/int64.go:35.90,37.2 1 1
github.com/spf13/pflag/int64.go:41.65,43.2 1 0
github.com/spf13/pflag/int64.go:46.77,48.2 1 0
github.com/spf13/pflag/int64.go:52.72,56.2 3 1
github.com/spf13/pflag/int64.go:59.84,63.2 3 1
github.com/spf13/pflag/int64.go:67.59,69.2 1 1
github.com/spf13/pflag/int64.go:72.71,74.2 1 0
github.com/spf13/pflag/ip.go:11.49,14.2 2 1
github.com/spf13/pflag/ip.go:16.35,16.65 1 1
github.com/spf13/pflag/ip.go:17.39,19.15 2 1
github.com/spf13/pflag/ip.go:22.2,23.12 2 1
github.com/spf13/pflag/ip.go:19.15,21.3 1 0
github.com/spf13/pflag/ip.go:26.33,28.2 1 0
github.com/spf13/pflag/ip.go:32.77,34.2 1 0
github.com/spf13/pflag/ip.go:37.89,39.2 1 1
github.com/spf13/pflag/ip.go:43.64,45.2 1 0
github.com/spf13/pflag/ip.go:48.76,50.2 1 0
github.com/spf13/pflag/ip.go:54.71,58.2 3 1
github.com/spf13/pflag/ip.go:61.83,65.2 3 0
github.com/spf13/pflag/ip.go:69.58,71.2 1 0
github.com/spf13/pflag/ip.go:74.70,76.2 1 0
github.com/spf13/pflag/ipmask.go:11.65,14.2 2 1
github.com/spf13/pflag/ipmask.go:16.39,16.73 1 1
github.com/spf13/pflag/ipmask.go:17.43,19.15 2 1
github.com/spf13/pflag/ipmask.go:22.2,23.12 2 1
github.com/spf13/pflag/ipmask.go:19.15,21.3 1 0
github.com/spf13/pflag/ipmask.go:26.37,28.2 1 0
github.com/spf13/pflag/ipmask.go:32.41,34.17 2 1
github.com/spf13/pflag/ipmask.go:37.2,37.61 1 1
github.com/spf13/pflag/ipmask.go:34.17,36.3 1 0
github.com/spf13/pflag/ipmask.go:42.89,44.2 1 0
github.com/spf13/pflag/ipmask.go:47.101,49.2 1 1
github.com/spf13/pflag/ipmask.go:53.76,55.2 1 0
github.com/spf13/pflag/ipmask.go:58.88,60.2 1 0
github.com/spf13/pflag/ipmask.go:64.83,68.2 3 1
github.com/spf13/pflag/ipmask.go:71.95,75.2 3 0
github.com/spf13/pflag/ipmask.go:79.70,81.2 1 0
github.com/spf13/pflag/ipmask.go:84.82,86.2 1 0
github.com/spf13/pflag/uint8.go:11.53,14.2 2 1
github.com/spf13/pflag/uint8.go:16.42,20.2 3 1
github.com/spf13/pflag/uint8.go:22.36,24.2 1 0
github.com/spf13/pflag/uint8.go:26.38,26.70 1 1
github.com/spf13/pflag/uint8.go:30.78,32.2 1 0
github.com/spf13/pflag/uint8.go:35.90,37.2 1 1
github.com/spf13/pflag/uint8.go:41.65,43.2 1 0
github.com/spf13/pflag/uint8.go:46.77,48.2 1 0
github.com/spf13/pflag/uint8.go:52.72,56.2 3 1
github.com/spf13/pflag/uint8.go:59.84,63.2 3 0
github.com/spf13/pflag/uint8.go:67.59,69.2 1 0
github.com/spf13/pflag/uint8.go:72.71,74.2 1 0
github.com/spf13/pflag/flag.go:168.56,171.23 3 1
github.com/spf13/pflag/flag.go:175.2,177.28 3 1
github.com/spf13/pflag/flag.go:180.2,180.15 1 1
github.com/spf13/pflag/flag.go:171.23,174.3 2 1
github.com/spf13/pflag/flag.go:177.28,179.3 1 1
github.com/spf13/pflag/flag.go:183.84,185.29 2 1
github.com/spf13/pflag/flag.go:185.29,190.3 4 1
github.com/spf13/pflag/flag.go:193.83,194.32 1 1
github.com/spf13/pflag/flag.go:197.2,197.54 1 1
github.com/spf13/pflag/flag.go:194.32,196.3 1 1
github.com/spf13/pflag/flag.go:197.54,197.85 1 1
github.com/spf13/pflag/flag.go:200.65,203.2 2 1
github.com/spf13/pflag/flag.go:205.35,206.21 1 1
github.com/spf13/pflag/flag.go:209.2,209.17 1 1
github.com/spf13/pflag/flag.go:206.21,208.3 1 0
github.com/spf13/pflag/flag.go:214.47,216.2 1 1
github.com/spf13/pflag/flag.go:220.44,221.43 1 1
github.com/spf13/pflag/flag.go:221.43,223.3 1 1
github.com/spf13/pflag/flag.go:226.35,228.2 1 0
github.com/spf13/pflag/flag.go:232.31,234.2 1 1
github.com/spf13/pflag/flag.go:238.41,239.43 1 1
github.com/spf13/pflag/flag.go:239.43,241.3 1 1
github.com/spf13/pflag/flag.go:246.28,248.2 1 1
github.com/spf13/pflag/flag.go:251.45,253.2 1 1
github.com/spf13/pflag/flag.go:256.53,258.2 1 1
github.com/spf13/pflag/flag.go:261.74,263.17 2 1
github.com/spf13/pflag/flag.go:266.2,267.12 2 1
github.com/spf13/pflag/flag.go:263.17,265.3 1 0
github.com/spf13/pflag/flag.go:272.32,274.2 1 0
github.com/spf13/pflag/flag.go:277.49,280.9 3 1
github.com/spf13/pflag/flag.go:283.2,284.16 2 1
github.com/spf13/pflag/flag.go:287.2,287.21 1 1
github.com/spf13/pflag/flag.go:290.2,292.30 3 1
github.com/spf13/pflag/flag.go:295.2,295.12 1 1
github.com/spf13/pflag/flag.go:280.9,282.3 1 0
github.com/spf13/pflag/flag.go:284.16,286.3 1 0
github.com/spf13/pflag/flag.go:287.21,289.3 1 1
github.com/spf13/pflag/flag.go:292.30,294.3 1 0
github.com/spf13/pflag/flag.go:299.36,301.2 1 1
github.com/spf13/pflag/flag.go:305.35,306.30 1 1
github.com/spf13/pflag/flag.go:306.30,307.31 1 1
github.com/spf13/pflag/flag.go:310.3,311.45 2 1
github.com/spf13/pflag/flag.go:315.3,315.30 1 1
github.com/spf13/pflag/flag.go:320.3,320.85 1 1
github.com/spf13/pflag/flag.go:307.31,309.4 1 1
github.com/spf13/pflag/flag.go:311.45,314.4 1 0
github.com/spf13/pflag/flag.go:315.30,317.4 1 1
github.com/spf13/pflag/flag.go:317.5,319.4 1 0
github.com/spf13/pflag/flag.go:324.39,327.30 2 0
github.com/spf13/pflag/flag.go:344.2,344.19 1 0
github.com/spf13/pflag/flag.go:327.30,328.31 1 0
github.com/spf13/pflag/flag.go:331.3,332.45 2 0
github.com/spf13/pflag/flag.go:336.3,336.30 1 0
github.com/spf13/pflag/flag.go:341.3,341.79 1 0
github.com/spf13/pflag/flag.go:328.31,330.4 1 0
github.com/spf13/pflag/flag.go:332.45,335.4 1 0
github.com/spf13/pflag/flag.go:336.30,338.4 1 0
github.com/spf13/pflag/flag.go:338.5,340.4 1 0
github.com/spf13/pflag/flag.go:348.22,350.2 1 0
github.com/spf13/pflag/flag.go:353.31,356.2 2 1
github.com/spf13/pflag/flag.go:364.20,367.2 2 0
github.com/spf13/pflag/flag.go:370.31,370.55 1 0
github.com/spf13/pflag/flag.go:373.18,373.52 1 0
github.com/spf13/pflag/flag.go:377.37,378.31 1 1
github.com/spf13/pflag/flag.go:381.2,381.18 1 1
github.com/spf13/pflag/flag.go:378.31,380.3 1 0
github.com/spf13/pflag/flag.go:386.24,388.2 1 1
github.com/spf13/pflag/flag.go:391.30,391.52 1 0
github.com/spf13/pflag/flag.go:394.17,394.49 1 0
github.com/spf13/pflag/flag.go:397.35,397.52 1 1
github.com/spf13/pflag/flag.go:400.22,400.49 1 1
github.com/spf13/pflag/flag.go:408.63,410.2 1 0
github.com/spf13/pflag/flag.go:413.68,423.2 2 1
github.com/spf13/pflag/flag.go:425.39,430.18 3 1
github.com/spf13/pflag/flag.go:435.2,435.21 1 1
github.com/spf13/pflag/flag.go:439.2,442.30 3 1
github.com/spf13/pflag/flag.go:445.2,445.29 1 1
github.com/spf13/pflag/flag.go:449.2,449.25 1 1
github.com/spf13/pflag/flag.go:452.2,454.18 3 1
github.com/spf13/pflag/flag.go:458.2,458.24 1 1
github.com/spf13/pflag/flag.go:430.18,434.3 3 0
github.com/spf13/pflag/flag.go:435.21,437.3 1 1
github.com/spf13/pflag/flag.go:442.30,444.3 1 1
github.com/spf13/pflag/flag.go:445.29,448.3 2 0
github.com/spf13/pflag/flag.go:449.25,451.3 1 1
github.com/spf13/pflag/flag.go:454.18,457.3 2 0
github.com/spf13/pflag/flag.go:467.50,469.2 1 1
github.com/spf13/pflag/flag.go:472.55,474.2 1 0
github.com/spf13/pflag/flag.go:478.64,483.2 4 1
github.com/spf13/pflag/flag.go:487.27,488.22 1 1
github.com/spf13/pflag/flag.go:488.22,490.3 1 1
github.com/spf13/pflag/flag.go:490.4,490.27 1 1
github.com/spf13/pflag/flag.go:490.27,492.3 1 1
github.com/spf13/pflag/flag.go:492.4,494.3 1 1
github.com/spf13/pflag/flag.go:497.75,498.46 1 1
github.com/spf13/pflag/flag.go:502.2,502.21 1 1
github.com/spf13/pflag/flag.go:505.2,507.30 3 1
github.com/spf13/pflag/flag.go:510.2,510.12 1 1
github.com/spf13/pflag/flag.go:498.46,500.3 1 1
github.com/spf13/pflag/flag.go:502.21,504.3 1 1
github.com/spf13/pflag/flag.go:507.30,509.3 1 1
github.com/spf13/pflag/flag.go:513.81,516.56 3 1
github.com/spf13/pflag/flag.go:520.2,523.19 4 1
github.com/spf13/pflag/flag.go:531.2,532.21 2 1
github.com/spf13/pflag/flag.go:543.2,544.8 2 1
github.com/spf13/pflag/flag.go:516.56,519.3 2 0
github.com/spf13/pflag/flag.go:523.19,524.21 1 1
github.com/spf13/pflag/flag.go:528.3,529.9 2 1
github.com/spf13/pflag/flag.go:524.21,527.4 2 1
github.com/spf13/pflag/flag.go:532.21,535.3 1 1
github.com/spf13/pflag/flag.go:535.4,535.67 1 1
github.com/spf13/pflag/flag.go:535.67,538.3 1 1
github.com/spf13/pflag/flag.go:538.4,542.3 2 0
github.com/spf13/pflag/flag.go:547.121,553.19 5 1
github.com/spf13/pflag/flag.go:563.2,564.49 2 1
github.com/spf13/pflag/flag.go:579.2,580.8 2 1
github.com/spf13/pflag/flag.go:553.19,554.15 1 0
github.com/spf13/pflag/flag.go:560.3,561.9 2 0
github.com/spf13/pflag/flag.go:554.15,558.4 3 0
github.com/spf13/pflag/flag.go:564.49,567.3 2 1
github.com/spf13/pflag/flag.go:567.4,567.67 1 1
github.com/spf13/pflag/flag.go:567.67,569.3 1 1
github.com/spf13/pflag/flag.go:569.4,569.32 1 1
github.com/spf13/pflag/flag.go:569.32,572.3 2 1
github.com/spf13/pflag/flag.go:572.4,572.26 1 1
github.com/spf13/pflag/flag.go:572.26,575.3 2 1
github.com/spf13/pflag/flag.go:575.4,578.3 2 0
github.com/spf13/pflag/flag.go:583.82,587.26 3 1
github.com/spf13/pflag/flag.go:594.2,594.8 1 1
github.com/spf13/pflag/flag.go:587.26,589.17 2 1
github.com/spf13/pflag/flag.go:589.17,591.4 1 0
github.com/spf13/pflag/flag.go:597.56,598.20 1 1
github.com/spf13/pflag/flag.go:624.2,624.8 1 1
github.com/spf13/pflag/flag.go:598.20,601.48 3 1
github.com/spf13/pflag/flag.go:611.3,611.18 1 1
github.com/spf13/pflag/flag.go:620.3,620.17 1 1
github.com/spf13/pflag/flag.go:601.48,602.23 1 1
github.com/spf13/pflag/flag.go:607.4,608.12 2 1
github.com/spf13/pflag/flag.go:602.23,606.5 3 1
github.com/spf13/pflag/flag.go:611.18,612.19 1 1
github.com/spf13/pflag/flag.go:616.4,616.39 1 1
github.com/spf13/pflag/flag.go:612.19,614.10 2 1
github.com/spf13/pflag/flag.go:617.5,619.4 1 1
github.com/spf13/pflag/flag.go:620.17,622.4 1 1
github.com/spf13/pflag/flag.go:631.51,635.16 4 1
github.com/spf13/pflag/flag.go:645.2,645.12 1 1
github.com/spf13/pflag/flag.go:635.16,636.26 1 1
github.com/spf13/pflag/flag.go:637.3,638.14 1 1
github.com/spf13/pflag/flag.go:639.3,640.14 1 0
github.com/spf13/pflag/flag.go:641.3,642.14 1 0
github.com/spf13/pflag/flag.go:649.33,651.2 1 1
github.com/spf13/pflag/flag.go:655.14,658.2 1 1
github.com/spf13/pflag/flag.go:661.41,663.2 1 0
github.com/spf13/pflag/flag.go:666.20,668.2 1 0
github.com/spf13/pflag/flag.go:675.68,682.2 2 1
github.com/spf13/pflag/flag.go:685.54,687.2 1 1
github.com/spf13/pflag/flag.go:692.66,695.2 2 1
github.com/spf13/pflag/float64.go:11.61,14.2 2 1
github.com/spf13/pflag/float64.go:16.44,20.2 3 1
github.com/spf13/pflag/float64.go:22.38,24.2 1 0
github.com/spf13/pflag/float64.go:26.40,26.72 1 1
github.com/spf13/pflag/float64.go:30.84,32.2 1 0
github.com/spf13/pflag/float64.go:35.96,37.2 1 1
github.com/spf13/pflag/float64.go:41.71,43.2 1 0
github.com/spf13/pflag/float64.go:46.83,48.2 1 0
github.com/spf13/pflag/float64.go:52.78,56.2 3 1
github.com/spf13/pflag/float64.go:59.90,63.2 3 1
github.com/spf13/pflag/float64.go:67.65,69.2 1 1
github.com/spf13/pflag/float64.go:72.77,74.2 1 0
github.com/spf13/pflag/int32.go:11.53,14.2 2 1
github.com/spf13/pflag/int32.go:16.42,20.2 3 1
github.com/spf13/pflag/int32.go:22.36,24.2 1 0
github.com/spf13/pflag/int32.go:26.38,26.70 1 1
github.com/spf13/pflag/int32.go:30.78,32.2 1 0
github.com/spf13/pflag/int32.go:35.90,37.2 1 1
github.com/spf13/pflag/int32.go:41.65,43.2 1 0
github.com/spf13/pflag/int32.go:46.77,48.2 1 0
github.com/spf13/pflag/int32.go:52.72,56.2 3 1
github.com/spf13/pflag/int32.go:59.84,63.2 3 0
github.com/spf13/pflag/int32.go:67.59,69.2 1 0
github.com/spf13/pflag/int32.go:72.71,74.2 1 0
github.com/spf13/pflag/uint64.go:11.57,14.2 2 1
github.com/spf13/pflag/uint64.go:16.43,20.2 3 1
github.com/spf13/pflag/uint64.go:22.37,24.2 1 0
github.com/spf13/pflag/uint64.go:26.39,26.71 1 1
github.com/spf13/pflag/uint64.go:30.81,32.2 1 0
github.com/spf13/pflag/uint64.go:35.93,37.2 1 1
github.com/spf13/pflag/uint64.go:41.68,43.2 1 0
github.com/spf13/pflag/uint64.go:46.80,48.2 1 0
github.com/spf13/pflag/uint64.go:52.75,56.2 3 1
github.com/spf13/pflag/uint64.go:59.87,63.2 3 1
github.com/spf13/pflag/uint64.go:67.62,69.2 1 1
github.com/spf13/pflag/uint64.go:72.74,74.2 1 0
